<?xml version="1.0" encoding="UTF-8"?>
<testsuite xmlns:xsi="http://www.w3.org/2001/XMLSchema-instance" xsi:noNamespaceSchemaLocation="https://maven.apache.org/surefire/maven-surefire-plugin/xsd/surefire-test-report.xsd" name="TestngClass.Testparaalel" time="0.868" tests="3" errors="0" skipped="2" failures="1">
  <properties>
[...]
</properties>
  <testcase name="start" classname="TestngClass.Testparaalel" time="0.56">
    <failure message="&#10;Parameter &apos;browser&apos; is required by BeforeTest on method start but has not been marked @Optional or defined&#10;" type="org.testng.TestNGException">org.testng.TestNGException: 

Parameter 'browser' is required by BeforeTest on method start but has not been marked @Optional or defined

</failure>
  </testcase>
  <testcase name="f" classname="TestngClass.Testparaalel" time="0">
    <skipped message="&#10;Parameter &apos;browser&apos; is required by BeforeTest on method start but has not been marked @Optional or defined&#10;"/>
  </testcase>
  <testcase name="close" classname="TestngClass.Testparaalel" time="0">
    <skipped/>
  </testcase>
</testsuite>